{"D:\\Web\\vue\\udemy-vue\\avia\\src\\js\\app.js": {"path":"D:\\Web\\vue\\udemy-vue\\avia\\src\\js\\app.js","statementMap":{"0":{"start":{"line":11,"column":0},"end":{"line":46,"column":2}},"1":{"start":{"line":13,"column":4},"end":{"line":13,"column":14}},"2":{"start":{"line":15,"column":17},"end":{"line":15,"column":28}},"3":{"start":{"line":18,"column":4},"end":{"line":21,"column":7}},"4":{"start":{"line":19,"column":8},"end":{"line":19,"column":27}},"5":{"start":{"line":20,"column":8},"end":{"line":20,"column":23}},"6":{"start":{"line":25,"column":8},"end":{"line":25,"column":31}},"7":{"start":{"line":26,"column":8},"end":{"line":26,"column":62}},"8":{"start":{"line":30,"column":23},"end":{"line":30,"column":69}},"9":{"start":{"line":31,"column":28},"end":{"line":31,"column":79}},"10":{"start":{"line":32,"column":28},"end":{"line":32,"column":50}},"11":{"start":{"line":33,"column":28},"end":{"line":33,"column":50}},"12":{"start":{"line":34,"column":25},"end":{"line":34,"column":49}},"13":{"start":{"line":36,"column":8},"end":{"line":42,"column":11}},"14":{"start":{"line":44,"column":8},"end":{"line":44,"column":97}}},"fnMap":{"0":{"name":"(anonymous_0)","decl":{"start":{"line":11,"column":46},"end":{"line":11,"column":47}},"loc":{"start":{"line":11,"column":52},"end":{"line":46,"column":1}},"line":11},"1":{"name":"(anonymous_1)","decl":{"start":{"line":18,"column":36},"end":{"line":18,"column":37}},"loc":{"start":{"line":18,"column":43},"end":{"line":21,"column":5}},"line":18},"2":{"name":"initApp","decl":{"start":{"line":24,"column":19},"end":{"line":24,"column":26}},"loc":{"start":{"line":24,"column":29},"end":{"line":27,"column":5}},"line":24},"3":{"name":"onFormSubmit","decl":{"start":{"line":29,"column":19},"end":{"line":29,"column":31}},"loc":{"start":{"line":29,"column":34},"end":{"line":45,"column":5}},"line":29}},"branchMap":{},"s":{"0":0,"1":0,"2":0,"3":0,"4":0,"5":0,"6":0,"7":0,"8":0,"9":0,"10":0,"11":0,"12":0,"13":0,"14":0},"f":{"0":0,"1":0,"2":0,"3":0},"b":{}}
,"D:\\Web\\vue\\udemy-vue\\avia\\src\\js\\config\\apiConfig.js": {"path":"D:\\Web\\vue\\udemy-vue\\avia\\src\\js\\config\\apiConfig.js","statementMap":{"0":{"start":{"line":1,"column":15},"end":{"line":3,"column":1}}},"fnMap":{},"branchMap":{},"s":{"0":0},"f":{},"b":{}}
,"D:\\Web\\vue\\udemy-vue\\avia\\src\\js\\helpers\\date.js": {"path":"D:\\Web\\vue\\udemy-vue\\avia\\src\\js\\helpers\\date.js","statementMap":{"0":{"start":{"line":4,"column":17},"end":{"line":4,"column":30}},"1":{"start":{"line":5,"column":4},"end":{"line":5,"column":30}}},"fnMap":{"0":{"name":"formatDate","decl":{"start":{"line":3,"column":16},"end":{"line":3,"column":26}},"loc":{"start":{"line":3,"column":38},"end":{"line":6,"column":1}},"line":3}},"branchMap":{},"s":{"0":1,"1":1},"f":{"0":1},"b":{},"_coverageSchema":"1a1c01bbd47fc00a2c39e90264f33305004495a9","hash":"29a706f6ad22870be84a4bd8f162287c04f88525"}
,"D:\\Web\\vue\\udemy-vue\\avia\\src\\js\\plugins\\index.js": {"path":"D:\\Web\\vue\\udemy-vue\\avia\\src\\js\\plugins\\index.js","statementMap":{},"fnMap":{},"branchMap":{},"s":{},"f":{},"b":{}}
,"D:\\Web\\vue\\udemy-vue\\avia\\src\\js\\plugins\\materialize.js": {"path":"D:\\Web\\vue\\udemy-vue\\avia\\src\\js\\plugins\\materialize.js","statementMap":{"0":{"start":{"line":5,"column":18},"end":{"line":5,"column":64}},"1":{"start":{"line":6,"column":0},"end":{"line":6,"column":27}},"2":{"start":{"line":9,"column":15},"end":{"line":9,"column":50}},"3":{"start":{"line":10,"column":0},"end":{"line":10,"column":26}},"4":{"start":{"line":13,"column":4},"end":{"line":13,"column":42}},"5":{"start":{"line":17,"column":21},"end":{"line":17,"column":63}},"6":{"start":{"line":18,"column":0},"end":{"line":24,"column":3}},"7":{"start":{"line":27,"column":4},"end":{"line":27,"column":44}},"8":{"start":{"line":31,"column":20},"end":{"line":31,"column":60}},"9":{"start":{"line":32,"column":0},"end":{"line":35,"column":3}},"10":{"start":{"line":38,"column":4},"end":{"line":38,"column":42}}},"fnMap":{"0":{"name":"getSelectInstance","decl":{"start":{"line":12,"column":16},"end":{"line":12,"column":33}},"loc":{"start":{"line":12,"column":40},"end":{"line":14,"column":1}},"line":12},"1":{"name":"getAutocompleteInstance","decl":{"start":{"line":26,"column":16},"end":{"line":26,"column":39}},"loc":{"start":{"line":26,"column":46},"end":{"line":28,"column":1}},"line":26},"2":{"name":"getDatePickerInstance","decl":{"start":{"line":37,"column":16},"end":{"line":37,"column":37}},"loc":{"start":{"line":37,"column":44},"end":{"line":39,"column":1}},"line":37}},"branchMap":{},"s":{"0":0,"1":0,"2":0,"3":0,"4":0,"5":0,"6":0,"7":0,"8":0,"9":0,"10":0},"f":{"0":0,"1":0,"2":0},"b":{}}
,"D:\\Web\\vue\\udemy-vue\\avia\\src\\js\\services\\apiService.js": {"path":"D:\\Web\\vue\\udemy-vue\\avia\\src\\js\\services\\apiService.js","statementMap":{"0":{"start":{"line":14,"column":8},"end":{"line":14,"column":30}},"1":{"start":{"line":18,"column":8},"end":{"line":24,"column":9}},"2":{"start":{"line":19,"column":29},"end":{"line":19,"column":69}},"3":{"start":{"line":20,"column":12},"end":{"line":20,"column":33}},"4":{"start":{"line":22,"column":12},"end":{"line":22,"column":31}},"5":{"start":{"line":23,"column":12},"end":{"line":23,"column":41}},"6":{"start":{"line":28,"column":8},"end":{"line":34,"column":9}},"7":{"start":{"line":29,"column":29},"end":{"line":29,"column":66}},"8":{"start":{"line":30,"column":12},"end":{"line":30,"column":33}},"9":{"start":{"line":32,"column":12},"end":{"line":32,"column":31}},"10":{"start":{"line":33,"column":12},"end":{"line":33,"column":41}},"11":{"start":{"line":38,"column":8},"end":{"line":44,"column":9}},"12":{"start":{"line":39,"column":29},"end":{"line":39,"column":68}},"13":{"start":{"line":40,"column":12},"end":{"line":40,"column":33}},"14":{"start":{"line":42,"column":12},"end":{"line":42,"column":31}},"15":{"start":{"line":43,"column":12},"end":{"line":43,"column":41}},"16":{"start":{"line":48,"column":8},"end":{"line":56,"column":9}},"17":{"start":{"line":49,"column":29},"end":{"line":51,"column":14}},"18":{"start":{"line":52,"column":12},"end":{"line":52,"column":33}},"19":{"start":{"line":54,"column":12},"end":{"line":54,"column":31}},"20":{"start":{"line":55,"column":12},"end":{"line":55,"column":41}},"21":{"start":{"line":60,"column":12},"end":{"line":60,"column":27}}},"fnMap":{"0":{"name":"(anonymous_0)","decl":{"start":{"line":13,"column":4},"end":{"line":13,"column":5}},"loc":{"start":{"line":13,"column":24},"end":{"line":15,"column":5}},"line":13},"1":{"name":"(anonymous_1)","decl":{"start":{"line":17,"column":4},"end":{"line":17,"column":5}},"loc":{"start":{"line":17,"column":22},"end":{"line":25,"column":5}},"line":17},"2":{"name":"(anonymous_2)","decl":{"start":{"line":27,"column":4},"end":{"line":27,"column":5}},"loc":{"start":{"line":27,"column":19},"end":{"line":35,"column":5}},"line":27},"3":{"name":"(anonymous_3)","decl":{"start":{"line":37,"column":4},"end":{"line":37,"column":5}},"loc":{"start":{"line":37,"column":21},"end":{"line":45,"column":5}},"line":37},"4":{"name":"(anonymous_4)","decl":{"start":{"line":47,"column":4},"end":{"line":47,"column":5}},"loc":{"start":{"line":47,"column":25},"end":{"line":57,"column":5}},"line":47}},"branchMap":{},"s":{"0":0,"1":0,"2":0,"3":0,"4":0,"5":0,"6":0,"7":0,"8":0,"9":0,"10":0,"11":0,"12":0,"13":0,"14":0,"15":0,"16":0,"17":0,"18":0,"19":0,"20":0,"21":0},"f":{"0":0,"1":0,"2":0,"3":0,"4":0},"b":{}}
,"D:\\Web\\vue\\udemy-vue\\avia\\src\\js\\store\\favorits.js": {"path":"D:\\Web\\vue\\udemy-vue\\avia\\src\\js\\store\\favorits.js","statementMap":{"0":{"start":{"line":5,"column":8},"end":{"line":5,"column":28}},"1":{"start":{"line":6,"column":8},"end":{"line":6,"column":75}},"2":{"start":{"line":7,"column":8},"end":{"line":7,"column":62}},"3":{"start":{"line":12,"column":44},"end":{"line":12,"column":86}},"4":{"start":{"line":14,"column":8},"end":{"line":21,"column":11}},"5":{"start":{"line":15,"column":36},"end":{"line":19,"column":13}},"6":{"start":{"line":16,"column":38},"end":{"line":16,"column":97}},"7":{"start":{"line":16,"column":63},"end":{"line":16,"column":96}},"8":{"start":{"line":17,"column":16},"end":{"line":17,"column":51}},"9":{"start":{"line":18,"column":16},"end":{"line":18,"column":54}},"10":{"start":{"line":20,"column":12},"end":{"line":20,"column":59}},"11":{"start":{"line":26,"column":23},"end":{"line":26,"column":25}},"12":{"start":{"line":27,"column":25},"end":{"line":27,"column":49}},"13":{"start":{"line":28,"column":25},"end":{"line":28,"column":74}},"14":{"start":{"line":30,"column":8},"end":{"line":30,"column":29}},"15":{"start":{"line":31,"column":8},"end":{"line":31,"column":65}},"16":{"start":{"line":33,"column":8},"end":{"line":33,"column":60}},"17":{"start":{"line":37,"column":36},"end":{"line":37,"column":95}},"18":{"start":{"line":38,"column":38},"end":{"line":38,"column":91}},"19":{"start":{"line":40,"column":8},"end":{"line":43,"column":11}},"20":{"start":{"line":41,"column":27},"end":{"line":41,"column":35}},"21":{"start":{"line":42,"column":12},"end":{"line":42,"column":49}},"22":{"start":{"line":47,"column":25},"end":{"line":47,"column":57}},"23":{"start":{"line":48,"column":27},"end":{"line":48,"column":46}},"24":{"start":{"line":50,"column":21},"end":{"line":52,"column":10}},"25":{"start":{"line":51,"column":12},"end":{"line":51,"column":44}},"26":{"start":{"line":53,"column":8},"end":{"line":53,"column":32}},"27":{"start":{"line":54,"column":8},"end":{"line":54,"column":26}},"28":{"start":{"line":66,"column":30},"end":{"line":66,"column":44}},"29":{"start":{"line":68,"column":8},"end":{"line":95,"column":9}},"30":{"start":{"line":99,"column":17},"end":{"line":99,"column":41}}},"fnMap":{"0":{"name":"(anonymous_0)","decl":{"start":{"line":4,"column":4},"end":{"line":4,"column":5}},"loc":{"start":{"line":4,"column":26},"end":{"line":8,"column":5}},"line":4},"1":{"name":"(anonymous_1)","decl":{"start":{"line":10,"column":4},"end":{"line":10,"column":5}},"loc":{"start":{"line":10,"column":31},"end":{"line":22,"column":5}},"line":10},"2":{"name":"(anonymous_2)","decl":{"start":{"line":14,"column":44},"end":{"line":14,"column":45}},"loc":{"start":{"line":14,"column":53},"end":{"line":21,"column":9}},"line":14},"3":{"name":"(anonymous_3)","decl":{"start":{"line":15,"column":36},"end":{"line":15,"column":37}},"loc":{"start":{"line":15,"column":43},"end":{"line":19,"column":13}},"line":15},"4":{"name":"(anonymous_4)","decl":{"start":{"line":16,"column":51},"end":{"line":16,"column":52}},"loc":{"start":{"line":16,"column":63},"end":{"line":16,"column":96}},"line":16},"5":{"name":"(anonymous_5)","decl":{"start":{"line":24,"column":4},"end":{"line":24,"column":5}},"loc":{"start":{"line":24,"column":37},"end":{"line":34,"column":5}},"line":24},"6":{"name":"(anonymous_6)","decl":{"start":{"line":36,"column":4},"end":{"line":36,"column":5}},"loc":{"start":{"line":36,"column":51},"end":{"line":44,"column":5}},"line":36},"7":{"name":"(anonymous_7)","decl":{"start":{"line":40,"column":56},"end":{"line":40,"column":57}},"loc":{"start":{"line":40,"column":63},"end":{"line":43,"column":9}},"line":40},"8":{"name":"(anonymous_8)","decl":{"start":{"line":46,"column":4},"end":{"line":46,"column":5}},"loc":{"start":{"line":46,"column":36},"end":{"line":55,"column":5}},"line":46},"9":{"name":"(anonymous_9)","decl":{"start":{"line":50,"column":43},"end":{"line":50,"column":44}},"loc":{"start":{"line":50,"column":55},"end":{"line":52,"column":9}},"line":50},"10":{"name":"(anonymous_10)","decl":{"start":{"line":57,"column":4},"end":{"line":57,"column":5}},"loc":{"start":{"line":57,"column":50},"end":{"line":96,"column":5}},"line":57}},"branchMap":{},"s":{"0":0,"1":0,"2":0,"3":0,"4":0,"5":0,"6":0,"7":0,"8":0,"9":0,"10":0,"11":0,"12":0,"13":0,"14":0,"15":0,"16":0,"17":0,"18":0,"19":0,"20":0,"21":0,"22":0,"23":0,"24":0,"25":0,"26":0,"27":0,"28":0,"29":0,"30":0},"f":{"0":0,"1":0,"2":0,"3":0,"4":0,"5":0,"6":0,"7":0,"8":0,"9":0,"10":0},"b":{}}
,"D:\\Web\\vue\\udemy-vue\\avia\\src\\js\\store\\locations.js": {"path":"D:\\Web\\vue\\udemy-vue\\avia\\src\\js\\store\\locations.js","statementMap":{"0":{"start":{"line":6,"column":8},"end":{"line":6,"column":23}},"1":{"start":{"line":7,"column":8},"end":{"line":7,"column":30}},"2":{"start":{"line":8,"column":8},"end":{"line":8,"column":27}},"3":{"start":{"line":9,"column":8},"end":{"line":9,"column":36}},"4":{"start":{"line":10,"column":8},"end":{"line":10,"column":27}},"5":{"start":{"line":11,"column":8},"end":{"line":11,"column":45}},"6":{"start":{"line":16,"column":25},"end":{"line":20,"column":10}},"7":{"start":{"line":22,"column":48},"end":{"line":22,"column":56}},"8":{"start":{"line":24,"column":8},"end":{"line":24,"column":60}},"9":{"start":{"line":25,"column":8},"end":{"line":25,"column":51}},"10":{"start":{"line":26,"column":8},"end":{"line":26,"column":67}},"11":{"start":{"line":27,"column":8},"end":{"line":27,"column":57}},"12":{"start":{"line":29,"column":8},"end":{"line":29,"column":24}},"13":{"start":{"line":33,"column":21},"end":{"line":33,"column":86}},"14":{"start":{"line":33,"column":63},"end":{"line":33,"column":85}},"15":{"start":{"line":34,"column":8},"end":{"line":34,"column":25}},"16":{"start":{"line":38,"column":8},"end":{"line":38,"column":38}},"17":{"start":{"line":42,"column":8},"end":{"line":42,"column":67}},"18":{"start":{"line":46,"column":8},"end":{"line":46,"column":67}},"19":{"start":{"line":52,"column":8},"end":{"line":55,"column":14}},"20":{"start":{"line":53,"column":12},"end":{"line":53,"column":39}},"21":{"start":{"line":54,"column":12},"end":{"line":54,"column":23}},"22":{"start":{"line":60,"column":8},"end":{"line":63,"column":14}},"23":{"start":{"line":61,"column":12},"end":{"line":61,"column":40}},"24":{"start":{"line":62,"column":12},"end":{"line":62,"column":23}},"25":{"start":{"line":68,"column":8},"end":{"line":80,"column":15}},"26":{"start":{"line":69,"column":33},"end":{"line":69,"column":77}},"27":{"start":{"line":70,"column":30},"end":{"line":70,"column":68}},"28":{"start":{"line":71,"column":30},"end":{"line":71,"column":61}},"29":{"start":{"line":72,"column":12},"end":{"line":72,"column":63}},"30":{"start":{"line":74,"column":12},"end":{"line":78,"column":14}},"31":{"start":{"line":79,"column":12},"end":{"line":79,"column":23}},"32":{"start":{"line":84,"column":8},"end":{"line":89,"column":14}},"33":{"start":{"line":85,"column":12},"end":{"line":85,"column":70}},"34":{"start":{"line":86,"column":12},"end":{"line":86,"column":63}},"35":{"start":{"line":87,"column":12},"end":{"line":87,"column":34}},"36":{"start":{"line":88,"column":12},"end":{"line":88,"column":23}},"37":{"start":{"line":94,"column":8},"end":{"line":94,"column":41}},"38":{"start":{"line":98,"column":19},"end":{"line":98,"column":61}},"39":{"start":{"line":99,"column":8},"end":{"line":99,"column":18}},"40":{"start":{"line":103,"column":25},"end":{"line":103,"column":54}},"41":{"start":{"line":104,"column":8},"end":{"line":104,"column":63}},"42":{"start":{"line":109,"column":8},"end":{"line":120,"column":11}},"43":{"start":{"line":110,"column":12},"end":{"line":119,"column":13}},"44":{"start":{"line":124,"column":18},"end":{"line":124,"column":52}}},"fnMap":{"0":{"name":"(anonymous_0)","decl":{"start":{"line":5,"column":4},"end":{"line":5,"column":5}},"loc":{"start":{"line":5,"column":30},"end":{"line":12,"column":5}},"line":5},"1":{"name":"(anonymous_1)","decl":{"start":{"line":14,"column":4},"end":{"line":14,"column":5}},"loc":{"start":{"line":14,"column":17},"end":{"line":30,"column":5}},"line":14},"2":{"name":"(anonymous_2)","decl":{"start":{"line":32,"column":4},"end":{"line":32,"column":5}},"loc":{"start":{"line":32,"column":26},"end":{"line":35,"column":5}},"line":32},"3":{"name":"(anonymous_3)","decl":{"start":{"line":33,"column":53},"end":{"line":33,"column":54}},"loc":{"start":{"line":33,"column":63},"end":{"line":33,"column":85}},"line":33},"4":{"name":"(anonymous_4)","decl":{"start":{"line":37,"column":4},"end":{"line":37,"column":5}},"loc":{"start":{"line":37,"column":28},"end":{"line":39,"column":5}},"line":37},"5":{"name":"(anonymous_5)","decl":{"start":{"line":41,"column":4},"end":{"line":41,"column":5}},"loc":{"start":{"line":41,"column":31},"end":{"line":43,"column":5}},"line":41},"6":{"name":"(anonymous_6)","decl":{"start":{"line":45,"column":4},"end":{"line":45,"column":5}},"loc":{"start":{"line":45,"column":31},"end":{"line":47,"column":5}},"line":45},"7":{"name":"(anonymous_7)","decl":{"start":{"line":49,"column":4},"end":{"line":49,"column":5}},"loc":{"start":{"line":49,"column":30},"end":{"line":56,"column":5}},"line":49},"8":{"name":"(anonymous_8)","decl":{"start":{"line":52,"column":45},"end":{"line":52,"column":46}},"loc":{"start":{"line":52,"column":64},"end":{"line":55,"column":9}},"line":52},"9":{"name":"(anonymous_9)","decl":{"start":{"line":58,"column":4},"end":{"line":58,"column":5}},"loc":{"start":{"line":58,"column":34},"end":{"line":64,"column":5}},"line":58},"10":{"name":"(anonymous_10)","decl":{"start":{"line":60,"column":32},"end":{"line":60,"column":33}},"loc":{"start":{"line":60,"column":50},"end":{"line":63,"column":9}},"line":60},"11":{"name":"(anonymous_11)","decl":{"start":{"line":66,"column":4},"end":{"line":66,"column":5}},"loc":{"start":{"line":66,"column":28},"end":{"line":81,"column":5}},"line":66},"12":{"name":"(anonymous_12)","decl":{"start":{"line":68,"column":29},"end":{"line":68,"column":30}},"loc":{"start":{"line":68,"column":44},"end":{"line":80,"column":9}},"line":68},"13":{"name":"(anonymous_13)","decl":{"start":{"line":83,"column":4},"end":{"line":83,"column":5}},"loc":{"start":{"line":83,"column":32},"end":{"line":90,"column":5}},"line":83},"14":{"name":"(anonymous_14)","decl":{"start":{"line":84,"column":31},"end":{"line":84,"column":32}},"loc":{"start":{"line":84,"column":46},"end":{"line":89,"column":9}},"line":84},"15":{"name":"(anonymous_15)","decl":{"start":{"line":92,"column":4},"end":{"line":92,"column":5}},"loc":{"start":{"line":92,"column":31},"end":{"line":95,"column":5}},"line":92},"16":{"name":"(anonymous_16)","decl":{"start":{"line":97,"column":4},"end":{"line":97,"column":5}},"loc":{"start":{"line":97,"column":27},"end":{"line":100,"column":5}},"line":97},"17":{"name":"(anonymous_17)","decl":{"start":{"line":102,"column":4},"end":{"line":102,"column":5}},"loc":{"start":{"line":102,"column":31},"end":{"line":105,"column":5}},"line":102},"18":{"name":"(anonymous_18)","decl":{"start":{"line":107,"column":4},"end":{"line":107,"column":5}},"loc":{"start":{"line":107,"column":30},"end":{"line":121,"column":5}},"line":107},"19":{"name":"(anonymous_19)","decl":{"start":{"line":109,"column":43},"end":{"line":109,"column":44}},"loc":{"start":{"line":109,"column":55},"end":{"line":120,"column":9}},"line":109}},"branchMap":{"0":{"loc":{"start":{"line":42,"column":15},"end":{"line":42,"column":66}},"type":"cond-expr","locations":[{"start":{"line":42,"column":37},"end":{"line":42,"column":61}},{"start":{"line":42,"column":64},"end":{"line":42,"column":66}}],"line":42},"1":{"loc":{"start":{"line":46,"column":15},"end":{"line":46,"column":66}},"type":"cond-expr","locations":[{"start":{"line":46,"column":37},"end":{"line":46,"column":61}},{"start":{"line":46,"column":64},"end":{"line":46,"column":66}}],"line":46},"2":{"loc":{"start":{"line":70,"column":30},"end":{"line":70,"column":68}},"type":"binary-expr","locations":[{"start":{"line":70,"column":30},"end":{"line":70,"column":39}},{"start":{"line":70,"column":43},"end":{"line":70,"column":68}}],"line":70},"3":{"loc":{"start":{"line":72,"column":24},"end":{"line":72,"column":62}},"type":"binary-expr","locations":[{"start":{"line":72,"column":24},"end":{"line":72,"column":33}},{"start":{"line":72,"column":37},"end":{"line":72,"column":62}}],"line":72},"4":{"loc":{"start":{"line":86,"column":24},"end":{"line":86,"column":62}},"type":"binary-expr","locations":[{"start":{"line":86,"column":24},"end":{"line":86,"column":33}},{"start":{"line":86,"column":37},"end":{"line":86,"column":62}}],"line":86}},"s":{"0":0,"1":0,"2":0,"3":0,"4":0,"5":0,"6":0,"7":0,"8":0,"9":0,"10":0,"11":0,"12":0,"13":0,"14":0,"15":0,"16":0,"17":0,"18":0,"19":0,"20":0,"21":0,"22":0,"23":0,"24":0,"25":0,"26":0,"27":0,"28":0,"29":0,"30":0,"31":0,"32":0,"33":0,"34":0,"35":0,"36":0,"37":0,"38":0,"39":0,"40":0,"41":0,"42":0,"43":0,"44":0},"f":{"0":0,"1":0,"2":0,"3":0,"4":0,"5":0,"6":0,"7":0,"8":0,"9":0,"10":0,"11":0,"12":0,"13":0,"14":0,"15":0,"16":0,"17":0,"18":0,"19":0},"b":{"0":[0,0],"1":[0,0],"2":[0,0],"3":[0,0],"4":[0,0]}}
,"D:\\Web\\vue\\udemy-vue\\avia\\src\\js\\views\\currency.js": {"path":"D:\\Web\\vue\\udemy-vue\\avia\\src\\js\\views\\currency.js","statementMap":{"0":{"start":{"line":4,"column":8},"end":{"line":4,"column":60}},"1":{"start":{"line":5,"column":8},"end":{"line":9,"column":9}},"2":{"start":{"line":13,"column":8},"end":{"line":13,"column":35}},"3":{"start":{"line":17,"column":8},"end":{"line":17,"column":51}},"4":{"start":{"line":21,"column":19},"end":{"line":21,"column":35}}},"fnMap":{"0":{"name":"(anonymous_0)","decl":{"start":{"line":3,"column":4},"end":{"line":3,"column":5}},"loc":{"start":{"line":3,"column":18},"end":{"line":10,"column":5}},"line":3},"1":{"name":"(anonymous_1)","decl":{"start":{"line":12,"column":4},"end":{"line":12,"column":5}},"loc":{"start":{"line":12,"column":24},"end":{"line":14,"column":5}},"line":12},"2":{"name":"(anonymous_2)","decl":{"start":{"line":16,"column":4},"end":{"line":16,"column":5}},"loc":{"start":{"line":16,"column":24},"end":{"line":18,"column":5}},"line":16}},"branchMap":{},"s":{"0":0,"1":0,"2":0,"3":0,"4":0},"f":{"0":0,"1":0,"2":0},"b":{}}
,"D:\\Web\\vue\\udemy-vue\\avia\\src\\js\\views\\form.js": {"path":"D:\\Web\\vue\\udemy-vue\\avia\\src\\js\\views\\form.js","statementMap":{"0":{"start":{"line":6,"column":8},"end":{"line":6,"column":56}},"1":{"start":{"line":9,"column":8},"end":{"line":9,"column":69}},"2":{"start":{"line":10,"column":8},"end":{"line":10,"column":79}},"3":{"start":{"line":11,"column":8},"end":{"line":11,"column":67}},"4":{"start":{"line":12,"column":8},"end":{"line":12,"column":67}},"5":{"start":{"line":15,"column":8},"end":{"line":15,"column":68}},"6":{"start":{"line":16,"column":8},"end":{"line":16,"column":78}},"7":{"start":{"line":17,"column":8},"end":{"line":17,"column":64}},"8":{"start":{"line":18,"column":8},"end":{"line":18,"column":64}},"9":{"start":{"line":22,"column":8},"end":{"line":22,"column":26}},"10":{"start":{"line":26,"column":8},"end":{"line":26,"column":33}},"11":{"start":{"line":30,"column":8},"end":{"line":30,"column":38}},"12":{"start":{"line":34,"column":8},"end":{"line":34,"column":48}},"13":{"start":{"line":38,"column":8},"end":{"line":38,"column":48}},"14":{"start":{"line":42,"column":8},"end":{"line":42,"column":49}},"15":{"start":{"line":43,"column":8},"end":{"line":43,"column":54}},"16":{"start":{"line":47,"column":15},"end":{"line":47,"column":73}}},"fnMap":{"0":{"name":"(anonymous_0)","decl":{"start":{"line":4,"column":4},"end":{"line":4,"column":5}},"loc":{"start":{"line":4,"column":58},"end":{"line":19,"column":5}},"line":4},"1":{"name":"(anonymous_1)","decl":{"start":{"line":21,"column":4},"end":{"line":21,"column":5}},"loc":{"start":{"line":21,"column":15},"end":{"line":23,"column":5}},"line":21},"2":{"name":"(anonymous_2)","decl":{"start":{"line":25,"column":4},"end":{"line":25,"column":5}},"loc":{"start":{"line":25,"column":22},"end":{"line":27,"column":5}},"line":25},"3":{"name":"(anonymous_3)","decl":{"start":{"line":29,"column":4},"end":{"line":29,"column":5}},"loc":{"start":{"line":29,"column":27},"end":{"line":31,"column":5}},"line":29},"4":{"name":"(anonymous_4)","decl":{"start":{"line":33,"column":4},"end":{"line":33,"column":5}},"loc":{"start":{"line":33,"column":26},"end":{"line":35,"column":5}},"line":33},"5":{"name":"(anonymous_5)","decl":{"start":{"line":37,"column":4},"end":{"line":37,"column":5}},"loc":{"start":{"line":37,"column":26},"end":{"line":39,"column":5}},"line":37},"6":{"name":"(anonymous_6)","decl":{"start":{"line":41,"column":4},"end":{"line":41,"column":5}},"loc":{"start":{"line":41,"column":30},"end":{"line":44,"column":5}},"line":41}},"branchMap":{},"s":{"0":0,"1":0,"2":0,"3":0,"4":0,"5":0,"6":0,"7":0,"8":0,"9":0,"10":0,"11":0,"12":0,"13":0,"14":0,"15":0,"16":0},"f":{"0":0,"1":0,"2":0,"3":0,"4":0,"5":0,"6":0},"b":{}}
,"D:\\Web\\vue\\udemy-vue\\avia\\src\\js\\views\\tickets.js": {"path":"D:\\Web\\vue\\udemy-vue\\avia\\src\\js\\views\\tickets.js","statementMap":{"0":{"start":{"line":6,"column":8},"end":{"line":6,"column":72}},"1":{"start":{"line":7,"column":8},"end":{"line":7,"column":75}},"2":{"start":{"line":12,"column":8},"end":{"line":12,"column":30}},"3":{"start":{"line":14,"column":8},"end":{"line":17,"column":9}},"4":{"start":{"line":15,"column":12},"end":{"line":15,"column":32}},"5":{"start":{"line":16,"column":12},"end":{"line":16,"column":19}},"6":{"start":{"line":19,"column":23},"end":{"line":19,"column":25}},"7":{"start":{"line":20,"column":25},"end":{"line":20,"column":49}},"8":{"start":{"line":22,"column":8},"end":{"line":25,"column":11}},"9":{"start":{"line":23,"column":29},"end":{"line":23,"column":71}},"10":{"start":{"line":24,"column":12},"end":{"line":24,"column":33}},"11":{"start":{"line":26,"column":8},"end":{"line":26,"column":66}},"12":{"start":{"line":28,"column":8},"end":{"line":28,"column":35}},"13":{"start":{"line":32,"column":8},"end":{"line":32,"column":38}},"14":{"start":{"line":36,"column":25},"end":{"line":36,"column":53}},"15":{"start":{"line":37,"column":8},"end":{"line":37,"column":66}},"16":{"start":{"line":41,"column":8},"end":{"line":45,"column":9}},"17":{"start":{"line":50,"column":8},"end":{"line":85,"column":9}},"18":{"start":{"line":89,"column":18},"end":{"line":89,"column":43}}},"fnMap":{"0":{"name":"(anonymous_0)","decl":{"start":{"line":5,"column":4},"end":{"line":5,"column":5}},"loc":{"start":{"line":5,"column":26},"end":{"line":8,"column":5}},"line":5},"1":{"name":"(anonymous_1)","decl":{"start":{"line":10,"column":4},"end":{"line":10,"column":5}},"loc":{"start":{"line":10,"column":46},"end":{"line":29,"column":5}},"line":10},"2":{"name":"(anonymous_2)","decl":{"start":{"line":22,"column":24},"end":{"line":22,"column":25}},"loc":{"start":{"line":22,"column":34},"end":{"line":25,"column":9}},"line":22},"3":{"name":"(anonymous_3)","decl":{"start":{"line":31,"column":4},"end":{"line":31,"column":5}},"loc":{"start":{"line":31,"column":21},"end":{"line":33,"column":5}},"line":31},"4":{"name":"(anonymous_4)","decl":{"start":{"line":35,"column":4},"end":{"line":35,"column":5}},"loc":{"start":{"line":35,"column":19},"end":{"line":38,"column":5}},"line":35},"5":{"name":"(anonymous_5)","decl":{"start":{"line":40,"column":4},"end":{"line":40,"column":5}},"loc":{"start":{"line":40,"column":30},"end":{"line":46,"column":5}},"line":40},"6":{"name":"(anonymous_6)","decl":{"start":{"line":48,"column":4},"end":{"line":48,"column":5}},"loc":{"start":{"line":48,"column":50},"end":{"line":86,"column":5}},"line":48}},"branchMap":{"0":{"loc":{"start":{"line":14,"column":8},"end":{"line":17,"column":9}},"type":"if","locations":[{"start":{"line":14,"column":8},"end":{"line":17,"column":9}},{"start":{"line":14,"column":8},"end":{"line":17,"column":9}}],"line":14}},"s":{"0":0,"1":0,"2":0,"3":0,"4":0,"5":0,"6":0,"7":0,"8":0,"9":0,"10":0,"11":0,"12":0,"13":0,"14":0,"15":0,"16":0,"17":0,"18":0},"f":{"0":0,"1":0,"2":0,"3":0,"4":0,"5":0,"6":0},"b":{"0":[0,0]}}
}
