{"D:\\Web\\vue\\udemy-vue\\avia\\src\\js\\helpers\\date.js": {"path":"D:\\Web\\vue\\udemy-vue\\avia\\src\\js\\helpers\\date.js","statementMap":{"0":{"start":{"line":4,"column":17},"end":{"line":4,"column":30}},"1":{"start":{"line":5,"column":4},"end":{"line":5,"column":30}}},"fnMap":{"0":{"name":"formatDate","decl":{"start":{"line":3,"column":16},"end":{"line":3,"column":26}},"loc":{"start":{"line":3,"column":38},"end":{"line":6,"column":1}},"line":3}},"branchMap":{},"s":{"0":1,"1":1},"f":{"0":1},"b":{},"_coverageSchema":"1a1c01bbd47fc00a2c39e90264f33305004495a9","hash":"29a706f6ad22870be84a4bd8f162287c04f88525"}
}
